0 info it worked if it ends with ok
1 verbose cli [ '/usr/local/bin/node',
1 verbose cli   '/Users/212400520/npm-global/bin/npm',
1 verbose cli   'run',
1 verbose cli   'build' ]
2 info using npm@3.3.3
3 info using node@v5.5.0
4 verbose run-script [ 'prebuild', 'build', 'postbuild' ]
5 info lifecycle sample-progressive-pxd-app@0.0.1~prebuild: sample-progressive-pxd-app@0.0.1
6 silly lifecycle sample-progressive-pxd-app@0.0.1~prebuild: no script for prebuild, continuing
7 info lifecycle sample-progressive-pxd-app@0.0.1~build: sample-progressive-pxd-app@0.0.1
8 verbose lifecycle sample-progressive-pxd-app@0.0.1~build: unsafe-perm in lifecycle true
9 verbose lifecycle sample-progressive-pxd-app@0.0.1~build: PATH: /Users/212400520/npm-global/lib/node_modules/npm/bin/node-gyp-bin:/Users/212400520/2016GithubEnterprise/2016Github/PredixDev-components/sample-progressive-pxd-app/node_modules/.bin:/Users/212400520/Frameworks/couchbase-server-enterprise_4/Couchbase Server.app//Contents/Resources/couchbase-core/bin:/Users/212400520/Frameworks/couchbase-sync-gateway/bin:/Users/212400520/Frameworks/pm-v1.1.8-darwin64/uaa-scripts:/Users/212400520/Frameworks/pm-v1.1.8-darwin64:/Users/212400520/npm-global/bin:/Users/212400520/Frameworks/tree-1.7.0:/Users/212400520/Frameworks:/usr/local/bin:/usr/bin:/bin:/usr/sbin:/sbin:/Users/212400520/.nvm
10 verbose lifecycle sample-progressive-pxd-app@0.0.1~build: CWD: /Users/212400520/2016GithubEnterprise/2016Github/PredixDev-components/sample-progressive-pxd-app
11 silly lifecycle sample-progressive-pxd-app@0.0.1~build: Args: [ '-c',
11 silly lifecycle   'npm run clean && mkdir -p dist && npm run copy:elements && npm run copy:assets && npm run copy:fonts && npm run build:html && npm run vulcanize' ]
12 silly lifecycle sample-progressive-pxd-app@0.0.1~build: Returned: code: 1  signal: null
13 info lifecycle sample-progressive-pxd-app@0.0.1~build: Failed to exec build script
14 verbose stack Error: sample-progressive-pxd-app@0.0.1 build: `npm run clean && mkdir -p dist && npm run copy:elements && npm run copy:assets && npm run copy:fonts && npm run build:html && npm run vulcanize`
14 verbose stack Exit status 1
14 verbose stack     at EventEmitter.<anonymous> (/Users/212400520/npm-global/lib/node_modules/npm/lib/utils/lifecycle.js:233:16)
14 verbose stack     at emitTwo (events.js:100:13)
14 verbose stack     at EventEmitter.emit (events.js:185:7)
14 verbose stack     at ChildProcess.<anonymous> (/Users/212400520/npm-global/lib/node_modules/npm/lib/utils/spawn.js:24:14)
14 verbose stack     at emitTwo (events.js:100:13)
14 verbose stack     at ChildProcess.emit (events.js:185:7)
14 verbose stack     at maybeClose (internal/child_process.js:821:16)
14 verbose stack     at Process.ChildProcess._handle.onexit (internal/child_process.js:211:5)
15 verbose pkgid sample-progressive-pxd-app@0.0.1
16 verbose cwd /Users/212400520/2016GithubEnterprise/2016Github/PredixDev-components/sample-progressive-pxd-app
17 error Darwin 15.5.0
18 error argv "/usr/local/bin/node" "/Users/212400520/npm-global/bin/npm" "run" "build"
19 error node v5.5.0
20 error npm  v3.3.3
21 error code ELIFECYCLE
22 error sample-progressive-pxd-app@0.0.1 build: `npm run clean && mkdir -p dist && npm run copy:elements && npm run copy:assets && npm run copy:fonts && npm run build:html && npm run vulcanize`
22 error Exit status 1
23 error Failed at the sample-progressive-pxd-app@0.0.1 build script 'npm run clean && mkdir -p dist && npm run copy:elements && npm run copy:assets && npm run copy:fonts && npm run build:html && npm run vulcanize'.
23 error This is most likely a problem with the sample-progressive-pxd-app package,
23 error not with npm itself.
23 error Tell the author that this fails on your system:
23 error     npm run clean && mkdir -p dist && npm run copy:elements && npm run copy:assets && npm run copy:fonts && npm run build:html && npm run vulcanize
23 error You can get their info via:
23 error     npm owner ls sample-progressive-pxd-app
23 error There is likely additional logging output above.
24 verbose exit [ 1, true ]
